<?xml version="1.0" encoding="UTF-8"?>
<!-- Generated by org.testng.reporters.JUnitReportReporter -->
<testsuite hostname="LakshmananSelva" failures="0" tests="2" name="com.crm.comcast.configannotation.CreateorgAndCreateorgwithIndustries" time="0.028" errors="0" timestamp="2025-03-17T13:31:31 IST" skipped="0">
  <testcase classname="com.crm.comcast.configannotation.CreateorgAndCreateorgwithIndustries" name="createorgwithindustries" time="0.022"/>
  <system-out/>
  <testcase classname="com.crm.comcast.configannotation.CreateorgAndCreateorgwithIndustries" name="createorg" time="0.006"/>
  <system-out/>
</testsuite> <!-- com.crm.comcast.configannotation.CreateorgAndCreateorgwithIndustries -->
