<?xml version="1.0" encoding="UTF-8"?>
<!-- Generated by org.testng.reporters.JUnitReportReporter -->
<testsuite hostname="LakshmananSelva" failures="0" tests="1" name="practice.testng.SampleReportTest" time="8.043" errors="0" timestamp="2025-03-17T11:59:35 IST" skipped="0">
  <testcase classname="practice.testng.SampleReportTest" name="ceatecontacttest" time="8.043"/>
  <system-out/>
</testsuite> <!-- practice.testng.SampleReportTest -->
