<?xml version="1.0" encoding="UTF-8"?>
<!-- Generated by org.testng.reporters.JUnitReportReporter -->
<testsuite hostname="LakshmananSelva" failures="0" tests="1" name="practicedatadriventesting.DataDrivenxml" time="18.563" errors="0" timestamp="25 Feb 2025 11:03:44 GMT" skipped="0">
  <testcase classname="practicedatadriventesting.DataDrivenxml" name="createorgtest" time="18.563"/>
</testsuite> <!-- practicedatadriventesting.DataDrivenxml -->
