<?xml version="1.0" encoding="UTF-8"?>
<!-- Generated by org.testng.reporters.JUnitReportReporter -->
<testsuite hostname="LakshmananSelva" failures="0" tests="2" name="com.crm.comcast.configannotation.CreateContactAndCreatecontactwithdate" time="0.028" errors="0" timestamp="2025-03-17T13:31:31 IST" skipped="0">
  <testcase classname="com.crm.comcast.configannotation.CreateContactAndCreatecontactwithdate" name="createcontact" time="0.018"/>
  <system-out/>
  <testcase classname="com.crm.comcast.configannotation.CreateContactAndCreatecontactwithdate" name="createcontactwithdate" time="0.010"/>
  <system-out/>
</testsuite> <!-- com.crm.comcast.configannotation.CreateContactAndCreatecontactwithdate -->
