<?xml version="1.0" encoding="UTF-8"?>
<!-- Generated by org.testng.reporters.JUnitReportReporter -->
<testsuite hostname="LakshmananSelva" failures="0" tests="1" name="practicedatadriventesting.ReadDataFromTestNGXMLTest" time="0.067" errors="0" timestamp="25 Feb 2025 10:34:05 GMT" skipped="0">
  <testcase classname="practicedatadriventesting.ReadDataFromTestNGXMLTest" name="sampleTest" time="0.067"/>
</testsuite> <!-- practicedatadriventesting.ReadDataFromTestNGXMLTest -->
