<?xml version="1.0" encoding="UTF-8"?>
<!-- Generated by org.testng.reporters.JUnitReportReporter -->
<testsuite hostname="LakshmananSelva" failures="0" tests="1" name="practice.pom.repository.SampleTestWithPom" time="9.750" errors="0" timestamp="05 Mar 2025 10:16:19 GMT" skipped="0">
  <testcase classname="practice.pom.repository.SampleTestWithPom" name="sampleTest" time="9.750"/>
</testsuite> <!-- practice.pom.repository.SampleTestWithPom -->
