<?xml version="1.0" encoding="UTF-8"?>
<!-- Generated by org.testng.reporters.JUnitReportReporter -->
<testsuite hostname="LakshmananSelva" failures="0" tests="3" name="practice.testng.Contacttest" time="0.047" errors="0" timestamp="2025-03-07T17:20:50 IST" skipped="0">
  <testcase classname="practice.testng.Contacttest" name="createcontactTest" time="0.029"/>
  <system-out/>
  <testcase classname="practice.testng.Contacttest" name="modifycontactTest" time="0.008"/>
  <system-out/>
  <testcase classname="practice.testng.Contacttest" name="deletecontactTest" time="0.010"/>
  <system-out/>
</testsuite> <!-- practice.testng.Contacttest -->
