<?xml version="1.0" encoding="UTF-8"?>
<!-- Generated by org.testng.reporters.JUnitReportReporter -->
<testsuite hostname="LakshmananSelva" failures="0" tests="1" name="practice.testng.Screenshotamazontest" time="16.109" errors="0" timestamp="2025-03-13T15:43:50 IST" skipped="0">
  <testcase classname="practice.testng.Screenshotamazontest" name="amazontest" time="16.109"/>
  <system-out/>
</testsuite> <!-- practice.testng.Screenshotamazontest -->
