<?xml version="1.0" encoding="UTF-8"?>
<!-- Generated by org.testng.reporters.JUnitReportReporter -->
<testsuite hostname="LakshmananSelva" failures="0" tests="1" name="practicedatadriventesting.OrgTest1" time="21.074" errors="0" timestamp="27 Feb 2025 11:29:39 GMT" skipped="0">
  <testcase classname="practicedatadriventesting.OrgTest1" name="orgTest" time="21.074"/>
</testsuite> <!-- practicedatadriventesting.OrgTest1 -->
