<?xml version="1.0" encoding="UTF-8"?>
<!-- Generated by org.testng.reporters.JUnitReportReporter -->
<testsuite hostname="LakshmananSelva" failures="0" tests="2" name="practice.testng.HomePageVerificationTest" time="16.697" errors="0" timestamp="2025-03-12T18:24:59 IST" skipped="0">
  <testcase classname="practice.testng.HomePageVerificationTest" name="homepagetest" time="9.002"/>
  <system-out/>
  <testcase classname="practice.testng.HomePageVerificationTest" name="verifylogohomepagetest" time="7.695"/>
  <system-out/>
</testsuite> <!-- practice.testng.HomePageVerificationTest -->
