<?xml version="1.0" encoding="UTF-8"?>
<!-- Generated by org.testng.reporters.JUnitReportReporter -->
<testsuite hostname="LakshmananSelva" failures="0" tests="3" name="practice.testng.Dependson" time="0.064" errors="0" timestamp="2025-03-08T11:43:14 IST" skipped="0">
  <testcase classname="practice.testng.Dependson" name="deletecontactTest" time="0.011"/>
  <system-out/>
  <testcase classname="practice.testng.Dependson" name="createcontactTest" time="0.033"/>
  <system-out/>
  <testcase classname="practice.testng.Dependson" name="modifycontactTest" time="0.020"/>
  <system-out/>
</testsuite> <!-- practice.testng.Dependson -->
