<?xml version="1.0" encoding="UTF-8"?>
<!-- Generated by org.testng.reporters.JUnitReportReporter -->
<testsuite hostname="LakshmananSelva" failures="0" tests="2" name="practice.testng.SampleTest" time="0.105" errors="0" timestamp="2025-03-07T15:44:01 IST" skipped="0">
  <testcase classname="practice.testng.SampleTest" name="createcontactTest" time="0.093"/>
  <system-out/>
  <testcase classname="practice.testng.SampleTest" name="createcontactwithmobilenumberTest" time="0.012"/>
  <system-out/>
</testsuite> <!-- practice.testng.SampleTest -->
